# JRE version: OpenJDK Runtime Environment (11.0.10) (build 11.0.10+0-b96-7249189)
# Java VM: OpenJDK 64-Bit Server VM (11.0.10+0-b96-7249189, mixed mode, tiered, compressed oops, g1 gc, windows-amd64)
Heap:
 garbage-first heap   total 490496K, used 313772K [0x0000000080000000, 0x0000000100000000)
  region size 1024K, 87 young (89088K), 10 survivors (10240K)
 Metaspace       used 201712K, capacity 209207K, committed 209396K, reserved 1230848K
  class space    used 24662K, capacity 27466K, committed 27544K, reserved 1048576K
GC Heap History (20 events):
Event: 564.193 GC heap before
{Heap before GC invocations=153 (full 0):
 garbage-first heap   total 490496K, used 380570K [0x0000000080000000, 0x0000000100000000)
  region size 1024K, 181 young (185344K), 14 survivors (14336K)
 Metaspace       used 176240K, capacity 181983K, committed 182004K, reserved 1208320K
  class space    used 21591K, capacity 23704K, committed 23704K, reserved 1048576K
}
Event: 564.221 GC heap after
{Heap after GC invocations=154 (full 0):
 garbage-first heap   total 490496K, used 194047K [0x0000000080000000, 0x0000000100000000)
  region size 1024K, 7 young (7168K), 7 survivors (7168K)
 Metaspace       used 176240K, capacity 181983K, committed 182004K, reserved 1208320K
  class space    used 21591K, capacity 23704K, committed 23704K, reserved 1048576K
}
Event: 571.242 GC heap before
{Heap before GC invocations=154 (full 0):
 garbage-first heap   total 490496K, used 389631K [0x0000000080000000, 0x0000000100000000)
  region size 1024K, 186 young (190464K), 7 survivors (7168K)
 Metaspace       used 184789K, capacity 190944K, committed 191092K, reserved 1216512K
  class space    used 22589K, capacity 24837K, committed 24856K, reserved 1048576K
}
Event: 571.270 GC heap after
{Heap after GC invocations=155 (full 0):
 garbage-first heap   total 490496K, used 205288K [0x0000000080000000, 0x0000000100000000)
  region size 1024K, 14 young (14336K), 14 survivors (14336K)
 Metaspace       used 184789K, capacity 190944K, committed 191092K, reserved 1216512K
  class space    used 22589K, capacity 24837K, committed 24856K, reserved 1048576K
}
Event: 574.811 GC heap before
{Heap before GC invocations=155 (full 0):
 garbage-first heap   total 490496K, used 392680K [0x0000000080000000, 0x0000000100000000)
  region size 1024K, 193 young (197632K), 14 survivors (14336K)
 Metaspace       used 197459K, capacity 204362K, committed 204532K, reserved 1226752K
  class space    used 24220K, capacity 26774K, committed 26776K, reserved 1048576K
}
Event: 574.834 GC heap after
{Heap after GC invocations=156 (full 0):
 garbage-first heap   total 490496K, used 206989K [0x0000000080000000, 0x0000000100000000)
  region size 1024K, 10 young (10240K), 10 survivors (10240K)
 Metaspace       used 197459K, capacity 204362K, committed 204532K, reserved 1226752K
  class space    used 24220K, capacity 26774K, committed 26776K, reserved 1048576K
}
Event: 736.399 GC heap before
{Heap before GC invocations=156 (full 0):
 garbage-first heap   total 490496K, used 416909K [0x0000000080000000, 0x0000000100000000)
  region size 1024K, 195 young (199680K), 10 survivors (10240K)
 Metaspace       used 198974K, capacity 206048K, committed 206324K, reserved 1228800K
  class space    used 24372K, capacity 26963K, committed 27032K, reserved 1048576K
}
Event: 736.417 GC heap after
{Heap after GC invocations=157 (full 0):
 garbage-first heap   total 490496K, used 200845K [0x0000000080000000, 0x0000000100000000)
  region size 1024K, 8 young (8192K), 8 survivors (8192K)
 Metaspace       used 198974K, capacity 206048K, committed 206324K, reserved 1228800K
  class space    used 24372K, capacity 26963K, committed 27032K, reserved 1048576K
}
Event: 1521.584 GC heap before
{Heap before GC invocations=157 (full 0):
 garbage-first heap   total 490496K, used 415885K [0x0000000080000000, 0x0000000100000000)
  region size 1024K, 205 young (209920K), 8 survivors (8192K)
 Metaspace       used 199993K, capacity 207342K, committed 207604K, reserved 1230848K
  class space    used 24516K, capacity 27260K, committed 27288K, reserved 1048576K
}
Event: 1521.613 GC heap after
{Heap after GC invocations=158 (full 0):
 garbage-first heap   total 490496K, used 206989K [0x0000000080000000, 0x0000000100000000)
  region size 1024K, 14 young (14336K), 14 survivors (14336K)
 Metaspace       used 199993K, capacity 207342K, committed 207604K, reserved 1230848K
  class space    used 24516K, capacity 27260K, committed 27288K, reserved 1048576K
}
Event: 1523.493 GC heap before
{Heap before GC invocations=158 (full 0):
 garbage-first heap   total 490496K, used 407693K [0x0000000080000000, 0x0000000100000000)
  region size 1024K, 209 young (214016K), 14 survivors (14336K)
 Metaspace       used 200930K, capacity 208500K, committed 208628K, reserved 1230848K
  class space    used 24642K, capacity 27452K, committed 27544K, reserved 1048576K
}
Event: 1523.533 GC heap after
{Heap after GC invocations=159 (full 0):
 garbage-first heap   total 490496K, used 223441K [0x0000000080000000, 0x0000000100000000)
  region size 1024K, 25 young (25600K), 25 survivors (25600K)
 Metaspace       used 200930K, capacity 208500K, committed 208628K, reserved 1230848K
  class space    used 24642K, capacity 27452K, committed 27544K, reserved 1048576K
}
Event: 1526.151 GC heap before
{Heap before GC invocations=159 (full 0):
 garbage-first heap   total 490496K, used 404689K [0x0000000080000000, 0x0000000100000000)
  region size 1024K, 202 young (206848K), 25 survivors (25600K)
 Metaspace       used 201489K, capacity 208990K, committed 209140K, reserved 1230848K
  class space    used 24655K, capacity 27461K, committed 27544K, reserved 1048576K
}
Event: 1526.202 GC heap after
{Heap after GC invocations=160 (full 0):
 garbage-first heap   total 490496K, used 227839K [0x0000000080000000, 0x0000000100000000)
  region size 1024K, 12 young (12288K), 12 survivors (12288K)
 Metaspace       used 201489K, capacity 208990K, committed 209140K, reserved 1230848K
  class space    used 24655K, capacity 27461K, committed 27544K, reserved 1048576K
}
Event: 1527.223 GC heap before
{Heap before GC invocations=160 (full 0):
 garbage-first heap   total 490496K, used 402943K [0x0000000080000000, 0x0000000100000000)
  region size 1024K, 184 young (188416K), 12 survivors (12288K)
 Metaspace       used 201537K, capacity 209056K, committed 209140K, reserved 1230848K
  class space    used 24655K, capacity 27461K, committed 27544K, reserved 1048576K
}
Event: 1527.254 GC heap after
{Heap after GC invocations=161 (full 0):
 garbage-first heap   total 490496K, used 235520K [0x0000000080000000, 0x0000000100000000)
  region size 1024K, 20 young (20480K), 20 survivors (20480K)
 Metaspace       used 201537K, capacity 209056K, committed 209140K, reserved 1230848K
  class space    used 24655K, capacity 27461K, committed 27544K, reserved 1048576K
}
Event: 1529.678 GC heap before
{Heap before GC invocations=161 (full 0):
 garbage-first heap   total 490496K, used 406528K [0x0000000080000000, 0x0000000100000000)
  region size 1024K, 187 young (191488K), 20 survivors (20480K)
 Metaspace       used 201662K, capacity 209205K, committed 209396K, reserved 1230848K
  class space    used 24662K, capacity 27466K, committed 27544K, reserved 1048576K
}
Event: 1529.708 GC heap after
{Heap after GC invocations=162 (full 0):
 garbage-first heap   total 490496K, used 234948K [0x0000000080000000, 0x0000000100000000)
  region size 1024K, 9 young (9216K), 9 survivors (9216K)
 Metaspace       used 201662K, capacity 209205K, committed 209396K, reserved 1230848K
  class space    used 24662K, capacity 27466K, committed 27544K, reserved 1048576K
}
Event: 1532.819 GC heap before
{Heap before GC invocations=162 (full 0):
 garbage-first heap   total 490496K, used 411076K [0x0000000080000000, 0x0000000100000000)
  region size 1024K, 181 young (185344K), 9 survivors (9216K)
 Metaspace       used 201689K, capacity 209207K, committed 209396K, reserved 1230848K
  class space    used 24662K, capacity 27466K, committed 27544K, reserved 1048576K
}
Event: 1532.841 GC heap after
{Heap after GC invocations=163 (full 0):
 garbage-first heap   total 490496K, used 235948K [0x0000000080000000, 0x0000000100000000)
  region size 1024K, 10 young (10240K), 10 survivors (10240K)
 Metaspace       used 201689K, capacity 209207K, committed 209396K, reserved 1230848K
  class space    used 24662K, capacity 27466K, committed 27544K, reserved 1048576K
}

