# JRE version: OpenJDK Runtime Environment (11.0.12+7) (build 11.0.12+7-b1504.28-7817840)
# Java VM: OpenJDK 64-Bit Server VM (11.0.12+7-b1504.28-7817840, mixed mode, tiered, compressed oops, g1 gc, windows-amd64)
Heap:
 garbage-first heap   total 502784K, used 299881K [0x0000000080000000, 0x0000000100000000)
  region size 1024K, 91 young (93184K), 9 survivors (9216K)
 Metaspace       used 115858K, capacity 118667K, committed 118976K, reserved 1153024K
  class space    used 14488K, capacity 15552K, committed 15692K, reserved 1048576K
GC Heap History (20 events):
Event: 85.729 GC heap before
{Heap before GC invocations=82 (full 0):
 garbage-first heap   total 502784K, used 430359K [0x0000000080000000, 0x0000000100000000)
  region size 1024K, 260 young (266240K), 11 survivors (11264K)
 Metaspace       used 115761K, capacity 118584K, committed 118976K, reserved 1153024K
  class space    used 14483K, capacity 15549K, committed 15692K, reserved 1048576K
}
Event: 85.754 GC heap after
{Heap after GC invocations=83 (full 0):
 garbage-first heap   total 502784K, used 172311K [0x0000000080000000, 0x0000000100000000)
  region size 1024K, 8 young (8192K), 8 survivors (8192K)
 Metaspace       used 115761K, capacity 118584K, committed 118976K, reserved 1153024K
  class space    used 14483K, capacity 15549K, committed 15692K, reserved 1048576K
}
Event: 87.108 GC heap before
{Heap before GC invocations=83 (full 0):
 garbage-first heap   total 502784K, used 432407K [0x0000000080000000, 0x0000000100000000)
  region size 1024K, 263 young (269312K), 8 survivors (8192K)
 Metaspace       used 115781K, capacity 118587K, committed 118976K, reserved 1153024K
  class space    used 14483K, capacity 15549K, committed 15692K, reserved 1048576K
}
Event: 87.140 GC heap after
{Heap after GC invocations=84 (full 0):
 garbage-first heap   total 502784K, used 179707K [0x0000000080000000, 0x0000000100000000)
  region size 1024K, 15 young (15360K), 15 survivors (15360K)
 Metaspace       used 115781K, capacity 118587K, committed 118976K, reserved 1153024K
  class space    used 14483K, capacity 15549K, committed 15692K, reserved 1048576K
}
Event: 88.267 GC heap before
{Heap before GC invocations=84 (full 0):
 garbage-first heap   total 502784K, used 431611K [0x0000000080000000, 0x0000000100000000)
  region size 1024K, 262 young (268288K), 15 survivors (15360K)
 Metaspace       used 115785K, capacity 118587K, committed 118976K, reserved 1153024K
  class space    used 14483K, capacity 15549K, committed 15692K, reserved 1048576K
}
Event: 88.302 GC heap after
{Heap after GC invocations=85 (full 0):
 garbage-first heap   total 502784K, used 177431K [0x0000000080000000, 0x0000000100000000)
  region size 1024K, 13 young (13312K), 13 survivors (13312K)
 Metaspace       used 115785K, capacity 118587K, committed 118976K, reserved 1153024K
  class space    used 14483K, capacity 15549K, committed 15692K, reserved 1048576K
}
Event: 89.368 GC heap before
{Heap before GC invocations=85 (full 0):
 garbage-first heap   total 502784K, used 433431K [0x0000000080000000, 0x0000000100000000)
  region size 1024K, 263 young (269312K), 13 survivors (13312K)
 Metaspace       used 115792K, capacity 118587K, committed 118976K, reserved 1153024K
  class space    used 14483K, capacity 15549K, committed 15692K, reserved 1048576K
}
Event: 89.396 GC heap after
{Heap after GC invocations=86 (full 0):
 garbage-first heap   total 502784K, used 175209K [0x0000000080000000, 0x0000000100000000)
  region size 1024K, 10 young (10240K), 10 survivors (10240K)
 Metaspace       used 115792K, capacity 118587K, committed 118976K, reserved 1153024K
  class space    used 14483K, capacity 15549K, committed 15692K, reserved 1048576K
}
Event: 91.725 GC heap before
{Heap before GC invocations=86 (full 0):
 garbage-first heap   total 502784K, used 435305K [0x0000000080000000, 0x0000000100000000)
  region size 1024K, 264 young (270336K), 10 survivors (10240K)
 Metaspace       used 115805K, capacity 118591K, committed 118976K, reserved 1153024K
  class space    used 14484K, capacity 15549K, committed 15692K, reserved 1048576K
}
Event: 91.753 GC heap after
{Heap after GC invocations=87 (full 0):
 garbage-first heap   total 502784K, used 175998K [0x0000000080000000, 0x0000000100000000)
  region size 1024K, 11 young (11264K), 11 survivors (11264K)
 Metaspace       used 115805K, capacity 118591K, committed 118976K, reserved 1153024K
  class space    used 14484K, capacity 15549K, committed 15692K, reserved 1048576K
}
Event: 93.575 GC heap before
{Heap before GC invocations=87 (full 0):
 garbage-first heap   total 502784K, used 434046K [0x0000000080000000, 0x0000000100000000)
  region size 1024K, 264 young (270336K), 11 survivors (11264K)
 Metaspace       used 115811K, capacity 118655K, committed 118976K, reserved 1153024K
  class space    used 14484K, capacity 15549K, committed 15692K, reserved 1048576K
}
Event: 93.603 GC heap after
{Heap after GC invocations=88 (full 0):
 garbage-first heap   total 502784K, used 178882K [0x0000000080000000, 0x0000000100000000)
  region size 1024K, 13 young (13312K), 13 survivors (13312K)
 Metaspace       used 115811K, capacity 118655K, committed 118976K, reserved 1153024K
  class space    used 14484K, capacity 15549K, committed 15692K, reserved 1048576K
}
Event: 95.171 GC heap before
{Heap before GC invocations=88 (full 0):
 garbage-first heap   total 502784K, used 432834K [0x0000000080000000, 0x0000000100000000)
  region size 1024K, 262 young (268288K), 13 survivors (13312K)
 Metaspace       used 115814K, capacity 118655K, committed 118976K, reserved 1153024K
  class space    used 14484K, capacity 15549K, committed 15692K, reserved 1048576K
}
Event: 95.268 GC heap after
{Heap after GC invocations=89 (full 0):
 garbage-first heap   total 502784K, used 206109K [0x0000000080000000, 0x0000000100000000)
  region size 1024K, 33 young (33792K), 33 survivors (33792K)
 Metaspace       used 115814K, capacity 118655K, committed 118976K, reserved 1153024K
  class space    used 14484K, capacity 15549K, committed 15692K, reserved 1048576K
}
Event: 96.375 GC heap before
{Heap before GC invocations=89 (full 0):
 garbage-first heap   total 502784K, used 416029K [0x0000000080000000, 0x0000000100000000)
  region size 1024K, 238 young (243712K), 33 survivors (33792K)
 Metaspace       used 115816K, capacity 118655K, committed 118976K, reserved 1153024K
  class space    used 14484K, capacity 15549K, committed 15692K, reserved 1048576K
}
Event: 96.453 GC heap after
{Heap after GC invocations=90 (full 0):
 garbage-first heap   total 502784K, used 205609K [0x0000000080000000, 0x0000000100000000)
  region size 1024K, 3 young (3072K), 3 survivors (3072K)
 Metaspace       used 115816K, capacity 118655K, committed 118976K, reserved 1153024K
  class space    used 14484K, capacity 15549K, committed 15692K, reserved 1048576K
}
Event: 97.399 GC heap before
{Heap before GC invocations=90 (full 0):
 garbage-first heap   total 502784K, used 417577K [0x0000000080000000, 0x0000000100000000)
  region size 1024K, 210 young (215040K), 3 survivors (3072K)
 Metaspace       used 115822K, capacity 118655K, committed 118976K, reserved 1153024K
  class space    used 14484K, capacity 15549K, committed 15692K, reserved 1048576K
}
Event: 97.426 GC heap after
{Heap after GC invocations=91 (full 0):
 garbage-first heap   total 502784K, used 208576K [0x0000000080000000, 0x0000000100000000)
  region size 1024K, 6 young (6144K), 6 survivors (6144K)
 Metaspace       used 115822K, capacity 118655K, committed 118976K, reserved 1153024K
  class space    used 14484K, capacity 15549K, committed 15692K, reserved 1048576K
}
Event: 99.062 GC heap before
{Heap before GC invocations=91 (full 0):
 garbage-first heap   total 502784K, used 423616K [0x0000000080000000, 0x0000000100000000)
  region size 1024K, 214 young (219136K), 6 survivors (6144K)
 Metaspace       used 115832K, capacity 118660K, committed 118976K, reserved 1153024K
  class space    used 14485K, capacity 15550K, committed 15692K, reserved 1048576K
}
Event: 99.090 GC heap after
{Heap after GC invocations=92 (full 0):
 garbage-first heap   total 502784K, used 213865K [0x0000000080000000, 0x0000000100000000)
  region size 1024K, 9 young (9216K), 9 survivors (9216K)
 Metaspace       used 115832K, capacity 118660K, committed 118976K, reserved 1153024K
  class space    used 14485K, capacity 15550K, committed 15692K, reserved 1048576K
}

